Determining if the pthread_create exist failed with the following output:
Change Dir: /home/agus/basestation_ersow/src/basestation_ersow-build/CMakeFiles/CMakeTmp

Run Build Command:"/usr/bin/make" "cmTC_b191d/fast"
/usr/bin/make -f CMakeFiles/cmTC_b191d.dir/build.make CMakeFiles/cmTC_b191d.dir/build
make[1]: Entering directory '/home/agus/basestation_ersow/src/basestation_ersow-build/CMakeFiles/CMakeTmp'
Building C object CMakeFiles/cmTC_b191d.dir/CheckSymbolExists.c.o
/usr/bin/cc     -o CMakeFiles/cmTC_b191d.dir/CheckSymbolExists.c.o   -c /home/agus/basestation_ersow/src/basestation_ersow-build/CMakeFiles/CMakeTmp/CheckSymbolExists.c
Linking C executable cmTC_b191d
/usr/bin/cmake -E cmake_link_script CMakeFiles/cmTC_b191d.dir/link.txt --verbose=1
/usr/bin/cc       CMakeFiles/cmTC_b191d.dir/CheckSymbolExists.c.o  -o cmTC_b191d -rdynamic 
CMakeFiles/cmTC_b191d.dir/CheckSymbolExists.c.o: In function `main':
CheckSymbolExists.c:(.text+0x16): undefined reference to `pthread_create'
collect2: error: ld returned 1 exit status
CMakeFiles/cmTC_b191d.dir/build.make:97: recipe for target 'cmTC_b191d' failed
make[1]: *** [cmTC_b191d] Error 1
make[1]: Leaving directory '/home/agus/basestation_ersow/src/basestation_ersow-build/CMakeFiles/CMakeTmp'
Makefile:126: recipe for target 'cmTC_b191d/fast' failed
make: *** [cmTC_b191d/fast] Error 2

File /home/agus/basestation_ersow/src/basestation_ersow-build/CMakeFiles/CMakeTmp/CheckSymbolExists.c:
/* */
#include <pthread.h>

int main(int argc, char** argv)
{
  (void)argv;
#ifndef pthread_create
  return ((int*)(&pthread_create))[argc];
#else
  (void)argc;
  return 0;
#endif
}

Determining if the function pthread_create exists in the pthreads failed with the following output:
Change Dir: /home/agus/basestation_ersow/src/basestation_ersow-build/CMakeFiles/CMakeTmp

Run Build Command:"/usr/bin/make" "cmTC_69e74/fast"
/usr/bin/make -f CMakeFiles/cmTC_69e74.dir/build.make CMakeFiles/cmTC_69e74.dir/build
make[1]: Entering directory '/home/agus/basestation_ersow/src/basestation_ersow-build/CMakeFiles/CMakeTmp'
Building C object CMakeFiles/cmTC_69e74.dir/CheckFunctionExists.c.o
/usr/bin/cc    -DCHECK_FUNCTION_EXISTS=pthread_create   -o CMakeFiles/cmTC_69e74.dir/CheckFunctionExists.c.o   -c /usr/share/cmake-3.5/Modules/CheckFunctionExists.c
Linking C executable cmTC_69e74
/usr/bin/cmake -E cmake_link_script CMakeFiles/cmTC_69e74.dir/link.txt --verbose=1
/usr/bin/cc   -DCHECK_FUNCTION_EXISTS=pthread_create    CMakeFiles/cmTC_69e74.dir/CheckFunctionExists.c.o  -o cmTC_69e74 -rdynamic -lpthreads 
/usr/bin/ld: cannot find -lpthreads
collect2: error: ld returned 1 exit status
CMakeFiles/cmTC_69e74.dir/build.make:97: recipe for target 'cmTC_69e74' failed
make[1]: *** [cmTC_69e74] Error 1
make[1]: Leaving directory '/home/agus/basestation_ersow/src/basestation_ersow-build/CMakeFiles/CMakeTmp'
Makefile:126: recipe for target 'cmTC_69e74/fast' failed
make: *** [cmTC_69e74/fast] Error 2


Determining if the Q_WS_WIN exist failed with the following output:
Change Dir: /home/agus/basestation_ersow/src/basestation_ersow-build/CMakeFiles/CMakeTmp

Run Build Command:"/usr/bin/make" "cmTC_86f74/fast"
/usr/bin/make -f CMakeFiles/cmTC_86f74.dir/build.make CMakeFiles/cmTC_86f74.dir/build
make[1]: Entering directory '/home/agus/basestation_ersow/src/basestation_ersow-build/CMakeFiles/CMakeTmp'
Building CXX object CMakeFiles/cmTC_86f74.dir/CheckSymbolExists.cxx.o
/usr/bin/c++    -I/usr/include/qt4   -o CMakeFiles/cmTC_86f74.dir/CheckSymbolExists.cxx.o -c /home/agus/basestation_ersow/src/basestation_ersow-build/CMakeFiles/CMakeTmp/CheckSymbolExists.cxx
/home/agus/basestation_ersow/src/basestation_ersow-build/CMakeFiles/CMakeTmp/CheckSymbolExists.cxx: In function ‘int main(int, char**)’:
/home/agus/basestation_ersow/src/basestation_ersow-build/CMakeFiles/CMakeTmp/CheckSymbolExists.cxx:8:19: error: ‘Q_WS_WIN’ was not declared in this scope
   return ((int*)(&Q_WS_WIN))[argc];
                   ^
CMakeFiles/cmTC_86f74.dir/build.make:65: recipe for target 'CMakeFiles/cmTC_86f74.dir/CheckSymbolExists.cxx.o' failed
make[1]: *** [CMakeFiles/cmTC_86f74.dir/CheckSymbolExists.cxx.o] Error 1
make[1]: Leaving directory '/home/agus/basestation_ersow/src/basestation_ersow-build/CMakeFiles/CMakeTmp'
Makefile:126: recipe for target 'cmTC_86f74/fast' failed
make: *** [cmTC_86f74/fast] Error 2

File /home/agus/basestation_ersow/src/basestation_ersow-build/CMakeFiles/CMakeTmp/CheckSymbolExists.cxx:
/* */
#include <QtCore/qglobal.h>

int main(int argc, char** argv)
{
  (void)argv;
#ifndef Q_WS_WIN
  return ((int*)(&Q_WS_WIN))[argc];
#else
  (void)argc;
  return 0;
#endif
}

Determining if the Q_WS_QWS exist failed with the following output:
Change Dir: /home/agus/basestation_ersow/src/basestation_ersow-build/CMakeFiles/CMakeTmp

Run Build Command:"/usr/bin/make" "cmTC_cab43/fast"
/usr/bin/make -f CMakeFiles/cmTC_cab43.dir/build.make CMakeFiles/cmTC_cab43.dir/build
make[1]: Entering directory '/home/agus/basestation_ersow/src/basestation_ersow-build/CMakeFiles/CMakeTmp'
Building CXX object CMakeFiles/cmTC_cab43.dir/CheckSymbolExists.cxx.o
/usr/bin/c++    -I/usr/include/qt4   -o CMakeFiles/cmTC_cab43.dir/CheckSymbolExists.cxx.o -c /home/agus/basestation_ersow/src/basestation_ersow-build/CMakeFiles/CMakeTmp/CheckSymbolExists.cxx
/home/agus/basestation_ersow/src/basestation_ersow-build/CMakeFiles/CMakeTmp/CheckSymbolExists.cxx: In function ‘int main(int, char**)’:
/home/agus/basestation_ersow/src/basestation_ersow-build/CMakeFiles/CMakeTmp/CheckSymbolExists.cxx:8:19: error: ‘Q_WS_QWS’ was not declared in this scope
   return ((int*)(&Q_WS_QWS))[argc];
                   ^
CMakeFiles/cmTC_cab43.dir/build.make:65: recipe for target 'CMakeFiles/cmTC_cab43.dir/CheckSymbolExists.cxx.o' failed
make[1]: *** [CMakeFiles/cmTC_cab43.dir/CheckSymbolExists.cxx.o] Error 1
make[1]: Leaving directory '/home/agus/basestation_ersow/src/basestation_ersow-build/CMakeFiles/CMakeTmp'
Makefile:126: recipe for target 'cmTC_cab43/fast' failed
make: *** [cmTC_cab43/fast] Error 2

File /home/agus/basestation_ersow/src/basestation_ersow-build/CMakeFiles/CMakeTmp/CheckSymbolExists.cxx:
/* */
#include <QtCore/qglobal.h>

int main(int argc, char** argv)
{
  (void)argv;
#ifndef Q_WS_QWS
  return ((int*)(&Q_WS_QWS))[argc];
#else
  (void)argc;
  return 0;
#endif
}

Determining if the Q_WS_MAC exist failed with the following output:
Change Dir: /home/agus/basestation_ersow/src/basestation_ersow-build/CMakeFiles/CMakeTmp

Run Build Command:"/usr/bin/make" "cmTC_5d1f7/fast"
/usr/bin/make -f CMakeFiles/cmTC_5d1f7.dir/build.make CMakeFiles/cmTC_5d1f7.dir/build
make[1]: Entering directory '/home/agus/basestation_ersow/src/basestation_ersow-build/CMakeFiles/CMakeTmp'
Building CXX object CMakeFiles/cmTC_5d1f7.dir/CheckSymbolExists.cxx.o
/usr/bin/c++    -I/usr/include/qt4   -o CMakeFiles/cmTC_5d1f7.dir/CheckSymbolExists.cxx.o -c /home/agus/basestation_ersow/src/basestation_ersow-build/CMakeFiles/CMakeTmp/CheckSymbolExists.cxx
/home/agus/basestation_ersow/src/basestation_ersow-build/CMakeFiles/CMakeTmp/CheckSymbolExists.cxx: In function ‘int main(int, char**)’:
/home/agus/basestation_ersow/src/basestation_ersow-build/CMakeFiles/CMakeTmp/CheckSymbolExists.cxx:8:19: error: ‘Q_WS_MAC’ was not declared in this scope
   return ((int*)(&Q_WS_MAC))[argc];
                   ^
CMakeFiles/cmTC_5d1f7.dir/build.make:65: recipe for target 'CMakeFiles/cmTC_5d1f7.dir/CheckSymbolExists.cxx.o' failed
make[1]: *** [CMakeFiles/cmTC_5d1f7.dir/CheckSymbolExists.cxx.o] Error 1
make[1]: Leaving directory '/home/agus/basestation_ersow/src/basestation_ersow-build/CMakeFiles/CMakeTmp'
Makefile:126: recipe for target 'cmTC_5d1f7/fast' failed
make: *** [cmTC_5d1f7/fast] Error 2

File /home/agus/basestation_ersow/src/basestation_ersow-build/CMakeFiles/CMakeTmp/CheckSymbolExists.cxx:
/* */
#include <QtCore/qglobal.h>

int main(int argc, char** argv)
{
  (void)argv;
#ifndef Q_WS_MAC
  return ((int*)(&Q_WS_MAC))[argc];
#else
  (void)argc;
  return 0;
#endif
}

